Building DAG of jobs...
Using shell: /bin/bash
Provided cores: 4
Rules claiming more threads will be scaled down.
Job stats:
job        count    min threads    max threads
-------  -------  -------------  -------------
all            1              1              1
convert        6              1              1
sort           6              1              1
stats          6              1              1
total         19              1              1

Select jobs to execute...

[Fri Apr 22 15:27:27 2022]
rule convert:
    input: /home/togepitsch/Development/Applied_Sequence_Analysis/Task1/sam_tiny/ERR024608_tiny.sam
    output: /home/togepitsch/Development/Applied_Sequence_Analysis/Task1/bam/ERR024608_tiny.bam
    jobid: 6
    wildcards: id=ERR024608_tiny
    resources: tmpdir=/tmp


[Fri Apr 22 15:27:27 2022]
rule convert:
    input: /home/togepitsch/Development/Applied_Sequence_Analysis/Task1/sam_tiny/ERR024609_tiny.sam
    output: /home/togepitsch/Development/Applied_Sequence_Analysis/Task1/bam/ERR024609_tiny.bam
    jobid: 15
    wildcards: id=ERR024609_tiny
    resources: tmpdir=/tmp


[Fri Apr 22 15:27:27 2022]
rule convert:
    input: /home/togepitsch/Development/Applied_Sequence_Analysis/Task1/sam_tiny/ERR024604_tiny.sam
    output: /home/togepitsch/Development/Applied_Sequence_Analysis/Task1/bam/ERR024604_tiny.bam
    jobid: 18
    wildcards: id=ERR024604_tiny
    resources: tmpdir=/tmp


[Fri Apr 22 15:27:27 2022]
rule convert:
    input: /home/togepitsch/Development/Applied_Sequence_Analysis/Task1/sam_tiny/ERR024605_tiny.sam
    output: /home/togepitsch/Development/Applied_Sequence_Analysis/Task1/bam/ERR024605_tiny.bam
    jobid: 12
    wildcards: id=ERR024605_tiny
    resources: tmpdir=/tmp

[Fri Apr 22 15:27:28 2022]
Finished job 18.
1 of 19 steps (5%) done
[Fri Apr 22 15:27:28 2022]
Finished job 6.
2 of 19 steps (11%) done
Select jobs to execute...

[Fri Apr 22 15:27:28 2022]
rule sort:
    input: /home/togepitsch/Development/Applied_Sequence_Analysis/Task1/bam/ERR024608_tiny.bam
    output: /home/togepitsch/Development/Applied_Sequence_Analysis/Task1/bam_sorted/ERR024608_tiny.bam
    jobid: 5
    wildcards: id=ERR024608_tiny
    resources: tmpdir=/tmp


[Fri Apr 22 15:27:28 2022]
rule convert:
    input: /home/togepitsch/Development/Applied_Sequence_Analysis/Task1/sam_tiny/ERR024606_tiny.sam
    output: /home/togepitsch/Development/Applied_Sequence_Analysis/Task1/bam/ERR024606_tiny.bam
    jobid: 9
    wildcards: id=ERR024606_tiny
    resources: tmpdir=/tmp

[Fri Apr 22 15:27:28 2022]
Finished job 15.
3 of 19 steps (16%) done
Select jobs to execute...

[Fri Apr 22 15:27:28 2022]
rule convert:
    input: /home/togepitsch/Development/Applied_Sequence_Analysis/Task1/sam_tiny/ERR024607_tiny.sam
    output: /home/togepitsch/Development/Applied_Sequence_Analysis/Task1/bam/ERR024607_tiny.bam
    jobid: 3
    wildcards: id=ERR024607_tiny
    resources: tmpdir=/tmp

[Fri Apr 22 15:27:28 2022]
Finished job 12.
4 of 19 steps (21%) done
Select jobs to execute...

[Fri Apr 22 15:27:28 2022]
rule sort:
    input: /home/togepitsch/Development/Applied_Sequence_Analysis/Task1/bam/ERR024605_tiny.bam
    output: /home/togepitsch/Development/Applied_Sequence_Analysis/Task1/bam_sorted/ERR024605_tiny.bam
    jobid: 11
    wildcards: id=ERR024605_tiny
    resources: tmpdir=/tmp

Select jobs to execute...
[Fri Apr 22 15:27:29 2022]
Finished job 9.
5 of 19 steps (26%) done

[Fri Apr 22 15:27:29 2022]
rule sort:
    input: /home/togepitsch/Development/Applied_Sequence_Analysis/Task1/bam/ERR024604_tiny.bam
    output: /home/togepitsch/Development/Applied_Sequence_Analysis/Task1/bam_sorted/ERR024604_tiny.bam
    jobid: 17
    wildcards: id=ERR024604_tiny
    resources: tmpdir=/tmp

[Fri Apr 22 15:27:29 2022]
Finished job 3.
6 of 19 steps (32%) done
[Fri Apr 22 15:27:29 2022]
Finished job 5.
7 of 19 steps (37%) done
Select jobs to execute...

[Fri Apr 22 15:27:29 2022]
rule sort:
    input: /home/togepitsch/Development/Applied_Sequence_Analysis/Task1/bam/ERR024609_tiny.bam
    output: /home/togepitsch/Development/Applied_Sequence_Analysis/Task1/bam_sorted/ERR024609_tiny.bam
    jobid: 14
    wildcards: id=ERR024609_tiny
    resources: tmpdir=/tmp


[Fri Apr 22 15:27:29 2022]
rule sort:
    input: /home/togepitsch/Development/Applied_Sequence_Analysis/Task1/bam/ERR024606_tiny.bam
    output: /home/togepitsch/Development/Applied_Sequence_Analysis/Task1/bam_sorted/ERR024606_tiny.bam
    jobid: 8
    wildcards: id=ERR024606_tiny
    resources: tmpdir=/tmp

Select jobs to execute...
[Fri Apr 22 15:27:29 2022]
Finished job 11.
8 of 19 steps (42%) done

[Fri Apr 22 15:27:29 2022]
rule stats:
    input: /home/togepitsch/Development/Applied_Sequence_Analysis/Task1/bam_sorted/ERR024608_tiny.bam
    output: /home/togepitsch/Development/Applied_Sequence_Analysis/Task1/stats/ERR024608_tiny.txt
    jobid: 4
    wildcards: id=ERR024608_tiny
    resources: tmpdir=/tmp

[Fri Apr 22 15:27:29 2022]
Finished job 4.
9 of 19 steps (47%) done
Select jobs to execute...

[Fri Apr 22 15:27:29 2022]
rule sort:
    input: /home/togepitsch/Development/Applied_Sequence_Analysis/Task1/bam/ERR024607_tiny.bam
    output: /home/togepitsch/Development/Applied_Sequence_Analysis/Task1/bam_sorted/ERR024607_tiny.bam
    jobid: 2
    wildcards: id=ERR024607_tiny
    resources: tmpdir=/tmp

[Fri Apr 22 15:27:30 2022]
Finished job 14.
10 of 19 steps (53%) done
Select jobs to execute...

[Fri Apr 22 15:27:30 2022]
rule stats:
    input: /home/togepitsch/Development/Applied_Sequence_Analysis/Task1/bam_sorted/ERR024609_tiny.bam
    output: /home/togepitsch/Development/Applied_Sequence_Analysis/Task1/stats/ERR024609_tiny.txt
    jobid: 13
    wildcards: id=ERR024609_tiny
    resources: tmpdir=/tmp

[Fri Apr 22 15:27:30 2022]
Finished job 17.
11 of 19 steps (58%) done
Select jobs to execute...

[Fri Apr 22 15:27:30 2022]
rule stats:
    input: /home/togepitsch/Development/Applied_Sequence_Analysis/Task1/bam_sorted/ERR024604_tiny.bam
    output: /home/togepitsch/Development/Applied_Sequence_Analysis/Task1/stats/ERR024604_tiny.txt
    jobid: 16
    wildcards: id=ERR024604_tiny
    resources: tmpdir=/tmp

[Fri Apr 22 15:27:30 2022]
Finished job 8.
12 of 19 steps (63%) done
Select jobs to execute...

[Fri Apr 22 15:27:30 2022]
rule stats:
    input: /home/togepitsch/Development/Applied_Sequence_Analysis/Task1/bam_sorted/ERR024606_tiny.bam
    output: /home/togepitsch/Development/Applied_Sequence_Analysis/Task1/stats/ERR024606_tiny.txt
    jobid: 7
    wildcards: id=ERR024606_tiny
    resources: tmpdir=/tmp

[Fri Apr 22 15:27:30 2022]
Finished job 13.
13 of 19 steps (68%) done
Select jobs to execute...

[Fri Apr 22 15:27:30 2022]
rule stats:
    input: /home/togepitsch/Development/Applied_Sequence_Analysis/Task1/bam_sorted/ERR024605_tiny.bam
    output: /home/togepitsch/Development/Applied_Sequence_Analysis/Task1/stats/ERR024605_tiny.txt
    jobid: 10
    wildcards: id=ERR024605_tiny
    resources: tmpdir=/tmp

[Fri Apr 22 15:27:30 2022]
Finished job 16.
14 of 19 steps (74%) done
[Fri Apr 22 15:27:30 2022]
Finished job 2.
15 of 19 steps (79%) done
Select jobs to execute...

[Fri Apr 22 15:27:30 2022]
rule stats:
    input: /home/togepitsch/Development/Applied_Sequence_Analysis/Task1/bam_sorted/ERR024607_tiny.bam
    output: /home/togepitsch/Development/Applied_Sequence_Analysis/Task1/stats/ERR024607_tiny.txt
    jobid: 1
    wildcards: id=ERR024607_tiny
    resources: tmpdir=/tmp

[Fri Apr 22 15:27:30 2022]
Finished job 7.
16 of 19 steps (84%) done
[Fri Apr 22 15:27:30 2022]
Finished job 10.
17 of 19 steps (89%) done
[Fri Apr 22 15:27:30 2022]
Finished job 1.
18 of 19 steps (95%) done
Select jobs to execute...

[Fri Apr 22 15:27:30 2022]
localrule all:
    input: /home/togepitsch/Development/Applied_Sequence_Analysis/Task1/stats/ERR024607_tiny.txt, /home/togepitsch/Development/Applied_Sequence_Analysis/Task1/stats/ERR024608_tiny.txt, /home/togepitsch/Development/Applied_Sequence_Analysis/Task1/stats/ERR024606_tiny.txt, /home/togepitsch/Development/Applied_Sequence_Analysis/Task1/stats/ERR024605_tiny.txt, /home/togepitsch/Development/Applied_Sequence_Analysis/Task1/stats/ERR024609_tiny.txt, /home/togepitsch/Development/Applied_Sequence_Analysis/Task1/stats/ERR024604_tiny.txt
    jobid: 0
    resources: tmpdir=/tmp

[Fri Apr 22 15:27:30 2022]
Finished job 0.
19 of 19 steps (100%) done
Complete log: .snakemake/log/2022-04-22T152727.321975.snakemake.log
