Building DAG of jobs...
Using shell: /bin/bash
Provided cores: 1 (use --cores to define parallelism)
Rules claiming more threads will be scaled down.
Job stats:
job        count    min threads    max threads
-------  -------  -------------  -------------
all            1              1              1
convert        6              1              1
index          6              1              1
sort           6              1              1
stats          6              1              1
total         25              1              1

Select jobs to execute...

[Fri Apr 22 15:18:02 2022]
rule convert:
    input: /home/togepitsch/Development/Applied_Sequence_Analysis/Task1/sam_tiny/ERR024604_tiny.sam
    output: /home/togepitsch/Development/Applied_Sequence_Analysis/Task1/bam/ERR024604_tiny.bam
    jobid: 24
    wildcards: id=ERR024604_tiny
    resources: tmpdir=/tmp

[Fri Apr 22 15:18:03 2022]
Finished job 24.
1 of 25 steps (4%) done
Select jobs to execute...

[Fri Apr 22 15:18:03 2022]
rule convert:
    input: /home/togepitsch/Development/Applied_Sequence_Analysis/Task1/sam_tiny/ERR024609_tiny.sam
    output: /home/togepitsch/Development/Applied_Sequence_Analysis/Task1/bam/ERR024609_tiny.bam
    jobid: 20
    wildcards: id=ERR024609_tiny
    resources: tmpdir=/tmp

[Fri Apr 22 15:18:03 2022]
Finished job 20.
2 of 25 steps (8%) done
Select jobs to execute...

[Fri Apr 22 15:18:03 2022]
rule convert:
    input: /home/togepitsch/Development/Applied_Sequence_Analysis/Task1/sam_tiny/ERR024605_tiny.sam
    output: /home/togepitsch/Development/Applied_Sequence_Analysis/Task1/bam/ERR024605_tiny.bam
    jobid: 16
    wildcards: id=ERR024605_tiny
    resources: tmpdir=/tmp

[Fri Apr 22 15:18:04 2022]
Finished job 16.
3 of 25 steps (12%) done
Select jobs to execute...

[Fri Apr 22 15:18:04 2022]
rule convert:
    input: /home/togepitsch/Development/Applied_Sequence_Analysis/Task1/sam_tiny/ERR024606_tiny.sam
    output: /home/togepitsch/Development/Applied_Sequence_Analysis/Task1/bam/ERR024606_tiny.bam
    jobid: 12
    wildcards: id=ERR024606_tiny
    resources: tmpdir=/tmp

[Fri Apr 22 15:18:05 2022]
Finished job 12.
4 of 25 steps (16%) done
Select jobs to execute...

[Fri Apr 22 15:18:05 2022]
rule sort:
    input: /home/togepitsch/Development/Applied_Sequence_Analysis/Task1/bam/ERR024606_tiny.bam
    output: /home/togepitsch/Development/Applied_Sequence_Analysis/Task1/bam_sorted/ERR024606_tiny.bam
    jobid: 11
    wildcards: id=ERR024606_tiny
    resources: tmpdir=/tmp

[Fri Apr 22 15:18:05 2022]
Finished job 11.
5 of 25 steps (20%) done
Select jobs to execute...

[Fri Apr 22 15:18:05 2022]
rule index:
    input: /home/togepitsch/Development/Applied_Sequence_Analysis/Task1/bam_sorted/ERR024606_tiny.bam
    output: /home/togepitsch/Development/Applied_Sequence_Analysis/Task1/bam_sorted/ERR024606_tiny.bam.bai
    jobid: 10
    wildcards: id=ERR024606_tiny
    resources: tmpdir=/tmp

[Fri Apr 22 15:18:05 2022]
Finished job 10.
6 of 25 steps (24%) done
Select jobs to execute...

[Fri Apr 22 15:18:05 2022]
rule stats:
    input: /home/togepitsch/Development/Applied_Sequence_Analysis/Task1/bam_sorted/ERR024606_tiny.bam.bai
    output: /home/togepitsch/Development/Applied_Sequence_Analysis/Task1/stats/ERR024606_tiny.txt
    jobid: 9
    wildcards: id=ERR024606_tiny
    resources: tmpdir=/tmp

[Fri Apr 22 15:18:05 2022]
Error in rule stats:
    jobid: 9
    output: /home/togepitsch/Development/Applied_Sequence_Analysis/Task1/stats/ERR024606_tiny.txt
    shell:
        samtools idxstats /home/togepitsch/Development/Applied_Sequence_Analysis/Task1/bam_sorted/ERR024606_tiny.bam.bai
        (one of the commands exited with non-zero exit code; note that snakemake uses bash strict mode!)

Shutting down, this might take some time.
Exiting because a job execution failed. Look above for error message
Complete log: .snakemake/log/2022-04-22T151802.278423.snakemake.log
