Building DAG of jobs...
Creating conda environment envs\samtools_bowtie_env.yml...
Downloading and installing remote packages.
CreateCondaEnvironmentException:
Could not create conda environment from C:\Development\AppliedSequenceAnalysis\Task2\workflows\envs\samtools_bowtie_env.yml:
Command:
mamba env create --quiet --file "C:\Development\AppliedSequenceAnalysis\Task2\workflows\.snakemake\conda\8b98a7cc7189b7c6f4ebcfd9c21319fc.yaml" --prefix "C:\Development\AppliedSequenceAnalysis\Task2\workflows\.snakemake\conda\8b98a7cc7189b7c6f4ebcfd9c21319fc"
Output:

# >>>>>>>>>>>>>>>>>>>>>> ERROR REPORT <<<<<<<<<<<<<<<<<<<<<<

    Traceback (most recent call last):
      File "C:\ProgramData\Anaconda3\lib\site-packages\conda\exceptions.py", line 1082, in __call__
        return func(*args, **kwargs)
      File "C:\ProgramData\Anaconda3\lib\site-packages\conda_env\cli\main.py", line 80, in do_call
        exit_code = getattr(module, func_name)(args, parser)
      File "C:\ProgramData\Anaconda3\lib\site-packages\conda_env\cli\main_create.py", line 142, in execute
        result[installer_type] = installer.install(prefix, pkg_specs, args, env)
      File "C:\ProgramData\Anaconda3\lib\site-packages\mamba\mamba_env.py", line 42, in mamba_install
        index = load_channels(
      File "C:\ProgramData\Anaconda3\lib\site-packages\mamba\utils.py", line 93, in load_channels
        index = get_index(
      File "C:\ProgramData\Anaconda3\lib\site-packages\mamba\utils.py", line 74, in get_index
        is_downloaded = dlist.download(True)
    RuntimeError: Multi-download failed.

`$ C:\ProgramData\Anaconda3\Scripts\mamba create --quiet --file C:\Development\AppliedSequenceAnalysis\Task2\workflows\.snakemake\conda\8b98a7cc7189b7c6f4ebcfd9c21319fc.yaml --prefix C:\Development\AppliedSequenceAnalysis\Task2\workflows\.snakemake\conda\8b98a7cc7189b7c6f4ebcfd9c21319fc`

  environment variables:
                 CIO_TEST=<not set>
  CONDA_AUTO_UPDATE_CONDA=false
        CONDA_DEFAULT_ENV=snakemake
                CONDA_EXE=C:\ProgramData\Anaconda3\condabin\..\Scripts\conda.exe
               CONDA_EXES="C:\ProgramData\Anaconda3\condabin\..\Scripts\conda.exe"
             CONDA_PREFIX=C:\ProgramData\Anaconda3\envs\snakemake
           CONDA_PREFIX_1=C:\ProgramData\Anaconda3
    CONDA_PROMPT_MODIFIER=(snakemake)
         CONDA_PYTHON_EXE=C:\ProgramData\Anaconda3\python.exe
               CONDA_ROOT=C:\ProgramData\Anaconda3
              CONDA_SHLVL=2
           CURL_CA_BUNDLE=<not set>
                 HOMEPATH=\Users\tomwa
          NVTOOLSEXT_PATH=C:\Program Files\NVIDIA Corporation\NvToolsExt\
         OPENMS_DATA_PATH=C:\Development\OpenMS\share\OpenMS
                     PATH=C:\ProgramData\Anaconda3;C:\ProgramData\Anaconda3\Library\mingw-w64\bi
                          n;C:\ProgramData\Anaconda3\Library\usr\bin;C:\ProgramData\Anaconda3\Li
                          brary\bin;C:\ProgramData\Anaconda3\Scripts;C:\ProgramData\Anaconda3\bi
                          n;C:\ProgramData\Anaconda3\envs\snakemake;C:\ProgramData\Anaconda3\env
                          s\snakemake\Library\mingw-w64\bin;C:\ProgramData\Anaconda3\envs\snakem
                          ake\Library\usr\bin;C:\ProgramData\Anaconda3\envs\snakemake\Library\bi
                          n;C:\ProgramData\Anaconda3\envs\snakemake\Scripts;C:\ProgramData\Anaco
                          nda3\envs\snakemake\bin;C:\ProgramData\Anaconda3\condabin;C:\ProgramDa
                          ta\Anaconda3;C:\ProgramData\Anaconda3\Library\mingw-w64\bin;C:\Program
                          Data\Anaconda3\Library\usr\bin;C:\ProgramData\Anaconda3\Library\bin;C:
                          \ProgramData\Anaconda3\Scripts;C:\Program Files (x86)\Common Files\Ora
                          cle\Java\javapath;C:\Windows\system32;C:\Windows;C:\Windows\System32\W
                          bem;C:\Windows\System32\WindowsPowerShell\v1.0;C:\Program Files
                          (x86)\NVIDIA Corporation\PhysX\Common;C:\WINDOWS\system32;C:\WINDOWS;C
                          :\WINDOWS\System32\Wbem;C:\WINDOWS\System32\WindowsPowerShell\v1.0;C:\
                          WINDOWS\System32\OpenSSH;C:\Program Files\NVIDIA Corporation\NVIDIA Nv
                          DLISR;C:\Strawberry\c\bin;C:\Strawberry\perl\site\bin;C:\Strawberry\pe
                          rl\bin;C:\Python38;C:\Development\contrib_win64_build\lib;C:\jom_1_1_3
                          ;C:\Development\qt-5.9\bin;C:\Program
                          Files\doxygen\bin\doxygen.exe;C:\Program
                          Files\gs\gs9.52\bin;C:\Program Files\PuTTY;C:\Program Files\Graphviz
                          2.44.1\bin;C:\Windows\System32;C:\Program Files\TortoiseSVN\bin;C:\Dev
                          elopment\analysis_executables\msfragger\MSFragger-3.0;C:\Development\a
                          nalysis_executables\novor\lib;C:\Development\OpenMS_Win64\bin\Release;
                          C:\Development\OpenMS\THIRDPARTY\All\LuciPHOr2;C:\Development\OpenMS\T
                          HIRDPARTY\All\MSGFPlus;C:\Development\OpenMS\THIRDPARTY\All\Sirius;C:\
                          Development\OpenMS\THIRDPARTY\All\ThermoRawFileParser;C:\Development\O
                          penMS\THIRDPARTY\Windows\64bit\XTandem;C:\Development\OpenMS\THIRDPART
                          Y\Windows\64bit\Comet;C:\Development\OpenMS\THIRDPARTY\Windows\64bit\c
                          rux;C:\Development\OpenMS\THIRDPARTY\Windows\64bit\Fido;C:\Development
                          \OpenMS\THIRDPARTY\Windows\64bit\MaRaCluster;C:\Development\OpenMS\THI
                          RDPARTY\Windows\64bit\MyriMatch;C:\Development\OpenMS\THIRDPARTY\Windo
                          ws\64bit\OMSSA;C:\Development\OpenMS\THIRDPARTY\Windows\64bit\Percolat
                          or;C:\Development\OpenMS\THIRDPARTY\Windows\64bit\pwiz-bin;C:\Developm
                          ent\OpenMS\THIRDPARTY\Windows\64bit\Sirius;C:\Development\OpenMS\THIRD
                          PARTY\Windows\64bit\SpectraST;C:\Program
                          Files\Git\cmd;C:\Development\IFABI_2021\seqan3;C:\Program
                          Files\CMake\bin;C:\Program Files\7-Zip;C:\Python38\Scripts;C:\Python38
                          ;C:\Users\tomwa\AppData\Local\Microsoft\WindowsApps;C:\Users\tomwa\App
                          Data\Local\Programs\Microsoft VS Code\bin
             PSMODULEPATH=C:\Program Files\WindowsPowerShell\Modules;C:\WINDOWS\system32\Windows
                          PowerShell\v1.0\Modules
QT_QPA_PLATFORM_PLUGIN_PATH=C:\Development\qt-5.9\plugins\platforms
       REQUESTS_CA_BUNDLE=<not set>
            SSL_CERT_FILE=<not set>

     active environment : snakemake
    active env location : C:\ProgramData\Anaconda3\envs\snakemake
            shell level : 2
       user config file : C:\Users\tomwa\.condarc
 populated config files : 
          conda version : 4.12.0
    conda-build version : 3.21.6
         python version : 3.9.7.final.0
       virtual packages : __cuda=11.5=0
                          __win=0=0
                          __archspec=1=x86_64
       base environment : C:\ProgramData\Anaconda3  (read only)
      conda av data dir : C:\ProgramData\Anaconda3\etc\conda
  conda av metadata url : None
           channel URLs : https://repo.anaconda.com/pkgs/main/win-64
                          https://repo.anaconda.com/pkgs/main/noarch
                          https://repo.anaconda.com/pkgs/r/win-64
                          https://repo.anaconda.com/pkgs/r/noarch
                          https://repo.anaconda.com/pkgs/msys2/win-64
                          https://repo.anaconda.com/pkgs/msys2/noarch
          package cache : C:\ProgramData\Anaconda3\pkgs
                          C:\Users\tomwa\.conda\pkgs
                          C:\Users\tomwa\AppData\Local\conda\conda\pkgs
       envs directories : C:\Users\tomwa\.conda\envs
                          C:\ProgramData\Anaconda3\envs
                          C:\Users\tomwa\AppData\Local\conda\conda\envs
               platform : win-64
             user-agent : conda/4.12.0 requests/2.26.0 CPython/3.9.7 Windows/10 Windows/10.0.19043
          administrator : False
             netrc file : None
           offline mode : False


An unexpected error has occurred. Conda has prepared the above report.


