Building DAG of jobs...
Provided cores: 1 (use --cores to define parallelism)
Rules claiming more threads will be scaled down.
Conda environments: ignored
Job stats:
job        count    min threads    max threads
-------  -------  -------------  -------------
all            1              1              1
convert        6              1              1
sort           6              1              1
stats          6              1              1
total         19              1              1

Select jobs to execute...

[Wed May  4 13:28:21 2022]
rule convert:
    input: C:/Development/AppliedSequenceAnalysis/Data/sam/sam_tiny/ERR024604_tiny.sam
    output: C:/Development/AppliedSequenceAnalysis/Task2/workflows/bam/ERR024604_tiny.bam
    jobid: 3
    wildcards: id=ERR024604_tiny
    resources: tmpdir=C:\Users\tomwa\AppData\Local\Temp

[Wed May  4 13:28:21 2022]
Error in rule convert:
    jobid: 3
    output: C:/Development/AppliedSequenceAnalysis/Task2/workflows/bam/ERR024604_tiny.bam
    shell:
        samtools view -b -o C:/Development/AppliedSequenceAnalysis/Task2/workflows/bam/ERR024604_tiny.bam C:/Development/AppliedSequenceAnalysis/Data/sam/sam_tiny/ERR024604_tiny.sam
        (one of the commands exited with non-zero exit code; note that snakemake uses bash strict mode!)

Shutting down, this might take some time.
Exiting because a job execution failed. Look above for error message
Complete log: .snakemake\log\2022-05-04T132821.188563.snakemake.log
